\BOOKMARK [1][-]{section.1}{\376\377\000D\000e\000b\000t\000\040\000I\000n\000s\000t\000r\000u\000m\000e\000n\000t\000s\000\040\000a\000n\000d\000\040\000M\000a\000r\000k\000e\000t\000s}{}% 1
\BOOKMARK [2][-]{subsection.1.1}{\376\377\000O\000v\000e\000r\000v\000i\000e\000w\000\040\000a\000n\000d\000\040\000T\000y\000p\000e\000s}{section.1}% 2
\BOOKMARK [2][-]{subsection.1.2}{\376\377\000C\000o\000m\000p\000l\000e\000x\000i\000t\000i\000e\000s}{section.1}% 3
\BOOKMARK [2][-]{subsection.1.3}{\376\377\000S\000o\000v\000e\000r\000e\000i\000g\000n\000\040\000D\000e\000b\000t\000\040\000M\000a\000r\000k\000e\000t\000s}{section.1}% 4
\BOOKMARK [2][-]{subsection.1.4}{\376\377\000T\000h\000e\000\040\000M\000o\000n\000e\000y\000\040\000M\000a\000r\000k\000e\000t}{section.1}% 5
\BOOKMARK [2][-]{subsection.1.5}{\376\377\000T\000h\000e\000\040\000R\000e\000p\000o\000\040\000M\000a\000r\000k\000e\000t}{section.1}% 6
\BOOKMARK [3][-]{subsubsection.1.5.1}{\376\377\000R\000e\000p\000o}{subsection.1.5}% 7
\BOOKMARK [3][-]{subsubsection.1.5.2}{\376\377\000R\000e\000v\000e\000r\000s\000e\000\040\000R\000e\000p\000o}{subsection.1.5}% 8
\BOOKMARK [2][-]{subsection.1.6}{\376\377\000A\000r\000b\000i\000t\000r\000a\000g\000e}{section.1}% 9
\BOOKMARK [1][-]{section.2}{\376\377\000P\000r\000e\000s\000e\000n\000t\000\040\000V\000a\000l\000u\000e\000\040\000a\000n\000d\000\040\000D\000i\000s\000c\000o\000u\000n\000t\000i\000n\000g}{}% 10
\BOOKMARK [2][-]{subsection.2.1}{\376\377\000T\000e\000r\000m\000\040\000S\000t\000r\000u\000c\000t\000u\000r\000e}{section.2}% 11
\BOOKMARK [2][-]{subsection.2.2}{\376\377\000P\000r\000i\000c\000i\000n\000g\000\040\000o\000f\000\040\000B\000o\000n\000d\000s}{section.2}% 12
\BOOKMARK [3][-]{subsubsection.2.2.1}{\376\377\000Z\000e\000r\000o\000\040\000C\000o\000u\000p\000o\000n\000\040\000B\000o\000n\000d\000s}{subsection.2.2}% 13
\BOOKMARK [2][-]{subsection.2.3}{\376\377\000C\000o\000u\000p\000o\000n\000\040\000B\000o\000n\000d\000s}{section.2}% 14
\BOOKMARK [2][-]{subsection.2.4}{\376\377\000A\000r\000b\000i\000t\000r\000a\000g\000e\000\040\000a\000n\000d\000\040\000C\000o\000u\000p\000o\000n\000\040\000P\000r\000i\000c\000i\000n\000g}{section.2}% 15
\BOOKMARK [1][-]{section.3}{\376\377\000B\000o\000n\000d\000\040\000Y\000i\000e\000l\000d\000s}{}% 16
\BOOKMARK [2][-]{subsection.3.1}{\376\377\000Z\000e\000r\000o\000\040\000C\000o\000u\000p\000o\000n\000\040\000B\000o\000n\000d\000s}{section.3}% 17
\BOOKMARK [2][-]{subsection.3.2}{\376\377\000C\000o\000u\000p\000o\000n\000\040\000B\000o\000n\000d\000s}{section.3}% 18
\BOOKMARK [2][-]{subsection.3.3}{\376\377\000Y\000i\000e\000l\000d\000\040\000T\000o\000\040\000M\000a\000t\000u\000r\000i\000t\000y}{section.3}% 19
\BOOKMARK [2][-]{subsection.3.4}{\376\377\000Y\000i\000e\000l\000d\000\040\000T\000o\000\040\000M\000a\000t\000u\000r\000i\000t\000y\000\040\000a\000n\000d\000\040\000C\000o\000u\000p\000o\000n\000\040\000R\000a\000t\000e}{section.3}% 20
\BOOKMARK [2][-]{subsection.3.5}{\376\377\000C\000u\000r\000v\000e\000\040\000F\000i\000t\000t\000i\000n\000g}{section.3}% 21
\BOOKMARK [1][-]{section.4}{\376\377\000M\000a\000r\000k\000e\000t\000\040\000C\000o\000n\000v\000e\000n\000t\000i\000o\000n\000s}{}% 22
\BOOKMARK [2][-]{subsection.4.1}{\376\377\000Q\000u\000o\000t\000i\000n\000g\000\040\000C\000o\000n\000v\000e\000n\000t\000i\000o\000n\000s}{section.4}% 23
\BOOKMARK [2][-]{subsection.4.2}{\376\377\000D\000a\000y\000\040\000C\000o\000u\000n\000t\000\040\000C\000o\000n\000v\000e\000n\000t\000i\000o\000n\000s}{section.4}% 24
\BOOKMARK [2][-]{subsection.4.3}{\376\377\000A\000c\000c\000r\000u\000e\000d\000\040\000I\000n\000t\000e\000r\000e\000s\000t}{section.4}% 25
\BOOKMARK [2][-]{subsection.4.4}{\376\377\000F\000l\000o\000a\000t\000i\000n\000g\000\040\000R\000a\000t\000e\000\040\000B\000o\000n\000d\000s}{section.4}% 26
